<?xml version="1.0" encoding="UTF-8"?>
<!-- Generated by org.testng.reporters.JUnitReportReporter -->
<testsuite hostname="Lenovo-PC" name="com.appium.android.Ytest.App" tests="1" failures="1" timestamp="3 Jul 2014 10:04:28 GMT" time="23.736" errors="0">
  <testcase name="addContact" time="23.736" classname="com.appium.android.Ytest.App">
    <failure type="org.openqa.selenium.NoSuchElementException" message="An element could not be located on the page using the given search parameters. (WARNING: The server did not provide any stacktrace information)
Command duration or timeout: 905 milliseconds
For documentation on this error, please visit: http://seleniumhq.org/exceptions/no_such_element.html
Build info: version: &#039;2.42.1&#039;, revision: &#039;68b415adb11acca4286be45124325cc36cfc4a51&#039;, time: &#039;2014-05-29 09:21:55&#039;
System info: host: &#039;Lenovo-PC&#039;, ip: &#039;10.21.144.39&#039;, os.name: &#039;Windows 7&#039;, os.arch: &#039;amd64&#039;, os.version: &#039;6.1&#039;, java.version: &#039;1.7.0_17&#039;
Session ID: 597987d6-2812-4a53-b24f-c9aed453ea74
Driver info: io.appium.java_client.AppiumDriver
Capabilities [{platform=LINUX, app=C:\Users\Lenovo\workspace\Ytest\apps\ContactManager\ContactManager.apk, javascriptEnabled=true, appActivity=.ContactManager, browserName=, desired={platformVersion=4.4, app=C:\Users\Lenovo\workspace\Ytest\apps\ContactManager\ContactManager.apk, platformName=Android, deviceName=Android Emulator, browserName=, appActivity=.ContactManager, appPackage=com.example.android.contactmanager}, appPackage=com.example.android.contactmanager, platformVersion=4.4, databaseEnabled=false, platformName=Android, deviceName=Android Emulator, webStorageEnabled=false, warnings={}, takesScreenshot=true}]">
      <![CDATA[org.openqa.selenium.NoSuchElementException: An element could not be located on the page using the given search parameters. (WARNING: The server did not provide any stacktrace information)
Command duration or timeout: 905 milliseconds
For documentation on this error, please visit: http://seleniumhq.org/exceptions/no_such_element.html
Build info: version: '2.42.1', revision: '68b415adb11acca4286be45124325cc36cfc4a51', time: '2014-05-29 09:21:55'
System info: host: 'Lenovo-PC', ip: '10.21.144.39', os.name: 'Windows 7', os.arch: 'amd64', os.version: '6.1', java.version: '1.7.0_17'
Session ID: 597987d6-2812-4a53-b24f-c9aed453ea74
Driver info: io.appium.java_client.AppiumDriver
Capabilities [{platform=LINUX, app=C:\Users\Lenovo\workspace\Ytest\apps\ContactManager\ContactManager.apk, javascriptEnabled=true, appActivity=.ContactManager, browserName=, desired={platformVersion=4.4, app=C:\Users\Lenovo\workspace\Ytest\apps\ContactManager\ContactManager.apk, platformName=Android, deviceName=Android Emulator, browserName=, appActivity=.ContactManager, appPackage=com.example.android.contactmanager}, appPackage=com.example.android.contactmanager, platformVersion=4.4, databaseEnabled=false, platformName=Android, deviceName=Android Emulator, webStorageEnabled=false, warnings={}, takesScreenshot=true}]
	at sun.reflect.NativeConstructorAccessorImpl.newInstance0(Native Method)
	at sun.reflect.NativeConstructorAccessorImpl.newInstance(Unknown Source)
	at sun.reflect.DelegatingConstructorAccessorImpl.newInstance(Unknown Source)
	at java.lang.reflect.Constructor.newInstance(Unknown Source)
	at org.openqa.selenium.remote.ErrorHandler.createThrowable(ErrorHandler.java:204)
	at org.openqa.selenium.remote.ErrorHandler.throwIfResponseFailed(ErrorHandler.java:156)
	at org.openqa.selenium.remote.RemoteWebDriver.execute(RemoteWebDriver.java:600)
	at io.appium.java_client.AppiumDriver.execute(AppiumDriver.java:81)
	at org.openqa.selenium.remote.RemoteWebDriver.findElement(RemoteWebDriver.java:353)
	at org.openqa.selenium.remote.RemoteWebDriver.findElementByName(RemoteWebDriver.java:426)
	at com.appium.android.Ytest.App.addContact(App.java:50)
	at sun.reflect.NativeMethodAccessorImpl.invoke0(Native Method)
	at sun.reflect.NativeMethodAccessorImpl.invoke(Unknown Source)
	at sun.reflect.DelegatingMethodAccessorImpl.invoke(Unknown Source)
	at java.lang.reflect.Method.invoke(Unknown Source)
	at org.testng.internal.MethodInvocationHelper.invokeMethod(MethodInvocationHelper.java:84)
	at org.testng.internal.Invoker.invokeMethod(Invoker.java:714)
	at org.testng.internal.Invoker.invokeTestMethod(Invoker.java:901)
	at org.testng.internal.Invoker.invokeTestMethods(Invoker.java:1231)
	at org.testng.internal.TestMethodWorker.invokeTestMethods(TestMethodWorker.java:127)
	at org.testng.internal.TestMethodWorker.run(TestMethodWorker.java:111)
	at org.testng.TestRunner.privateRun(TestRunner.java:767)
	at org.testng.TestRunner.run(TestRunner.java:617)
	at org.testng.SuiteRunner.runTest(SuiteRunner.java:334)
	at org.testng.SuiteRunner.runSequentially(SuiteRunner.java:329)
	at org.testng.SuiteRunner.privateRun(SuiteRunner.java:291)
	at org.testng.SuiteRunner.run(SuiteRunner.java:240)
	at org.testng.SuiteRunnerWorker.runSuite(SuiteRunnerWorker.java:52)
	at org.testng.SuiteRunnerWorker.run(SuiteRunnerWorker.java:86)
	at org.testng.TestNG.runSuitesSequentially(TestNG.java:1224)
	at org.testng.TestNG.runSuitesLocally(TestNG.java:1149)
	at org.testng.TestNG.run(TestNG.java:1057)
	at org.testng.remote.RemoteTestNG.run(RemoteTestNG.java:111)
	at org.testng.remote.RemoteTestNG.initAndRun(RemoteTestNG.java:204)
	at org.testng.remote.RemoteTestNG.main(RemoteTestNG.java:175)
]]>
    </failure>
  </testcase> <!-- addContact -->
</testsuite> <!-- com.appium.android.Ytest.App -->
